This file contains any messages produced by compilers while
running configure, to aid debugging if configure makes a mistake.

It was created by ipaccount configure 1.0, which was
generated by GNU Autoconf 2.69.  Invocation command line was

  $ ./configure 

## --------- ##
## Platform. ##
## --------- ##

hostname = CentOS3.yubo
uname -m = x86_64
uname -r = 2.6.32
uname -s = Linux
uname -v = #13 SMP Thu Mar 20 14:38:52 CST 2014

/usr/bin/uname -p = unknown
/bin/uname -X     = unknown

/bin/arch              = x86_64
/usr/bin/arch -k       = unknown
/usr/convex/getsysinfo = unknown
/usr/bin/hostinfo      = unknown
/bin/machine           = unknown
/usr/bin/oslevel       = unknown
/bin/universe          = unknown

PATH: /usr/lib64/qt-3.3/bin
PATH: /usr/local/sbin
PATH: /usr/local/bin
PATH: /sbin
PATH: /bin
PATH: /usr/sbin
PATH: /usr/bin
PATH: /root/bin


## ----------- ##
## Core tests. ##
## ----------- ##

configure:2290: checking for a BSD-compatible install
configure:2358: result: /usr/bin/install -c
configure:2369: checking whether build environment is sane
configure:2419: result: yes
configure:2560: checking for a thread-safe mkdir -p
configure:2599: result: /bin/mkdir -p
configure:2612: checking for gawk
configure:2628: found /bin/gawk
configure:2639: result: gawk
configure:2650: checking whether make sets $(MAKE)
configure:2672: result: yes
configure:2800: checking for gcc
configure:2816: found /usr/bin/gcc
configure:2827: result: gcc
configure:3056: checking for C compiler version
configure:3065: gcc --version >&5
gcc (GCC) 4.4.7 20120313 (Red Hat 4.4.7-3)
Copyright (C) 2010 Free Software Foundation, Inc.
This is free software; see the source for copying conditions.  There is NO
warranty; not even for MERCHANTABILITY or FITNESS FOR A PARTICULAR PURPOSE.

configure:3076: $? = 0
configure:3065: gcc -v >&5
Using built-in specs.
Target: x86_64-redhat-linux
Configured with: ../configure --prefix=/usr --mandir=/usr/share/man --infodir=/usr/share/info --with-bugurl=http://bugzilla.redhat.com/bugzilla --enable-bootstrap --enable-shared --enable-threads=posix --enable-checking=release --with-system-zlib --enable-__cxa_atexit --disable-libunwind-exceptions --enable-gnu-unique-object --enable-languages=c,c++,objc,obj-c++,java,fortran,ada --enable-java-awt=gtk --disable-dssi --with-java-home=/usr/lib/jvm/java-1.5.0-gcj-1.5.0.0/jre --enable-libgcj-multifile --enable-java-maintainer-mode --with-ecj-jar=/usr/share/java/eclipse-ecj.jar --disable-libjava-multilib --with-ppl --with-cloog --with-tune=generic --with-arch_32=i686 --build=x86_64-redhat-linux
Thread model: posix
gcc version 4.4.7 20120313 (Red Hat 4.4.7-3) (GCC) 
configure:3076: $? = 0
configure:3065: gcc -V >&5
gcc: '-V' option must have argument
configure:3076: $? = 1
configure:3065: gcc -qversion >&5
gcc: unrecognized option '-qversion'
gcc: no input files
configure:3076: $? = 1
configure:3096: checking whether the C compiler works
configure:3118: gcc    conftest.c  >&5
configure:3122: $? = 0
configure:3170: result: yes
configure:3173: checking for C compiler default output file name
configure:3175: result: a.out
configure:3181: checking for suffix of executables
configure:3188: gcc -o conftest    conftest.c  >&5
configure:3192: $? = 0
configure:3214: result: 
configure:3236: checking whether we are cross compiling
configure:3244: gcc -o conftest    conftest.c  >&5
configure:3248: $? = 0
configure:3255: ./conftest
configure:3259: $? = 0
configure:3274: result: no
configure:3279: checking for suffix of object files
configure:3301: gcc -c   conftest.c >&5
configure:3305: $? = 0
configure:3326: result: o
configure:3330: checking whether we are using the GNU C compiler
configure:3349: gcc -c   conftest.c >&5
configure:3349: $? = 0
configure:3358: result: yes
configure:3367: checking whether gcc accepts -g
configure:3387: gcc -c -g  conftest.c >&5
configure:3387: $? = 0
configure:3428: result: yes
configure:3445: checking for gcc option to accept ISO C89
configure:3508: gcc  -c -g -O2  conftest.c >&5
configure:3508: $? = 0
configure:3521: result: none needed
configure:3552: checking for style of include used by make
configure:3580: result: GNU
configure:3605: checking dependency style of gcc
configure:3715: result: gcc3
configure:3731: checking whether gcc and cc understand -c and -o together
configure:3762: gcc -c conftest.c -o conftest2.o >&5
configure:3766: $? = 0
configure:3772: gcc -c conftest.c -o conftest2.o >&5
configure:3776: $? = 0
configure:3787: cc -c conftest.c >&5
configure:3791: $? = 0
configure:3799: cc -c conftest.c -o conftest2.o >&5
configure:3803: $? = 0
configure:3809: cc -c conftest.c -o conftest2.o >&5
configure:3813: $? = 0
configure:3831: result: yes
configure:3918: checking build system type
configure:3932: result: x86_64-unknown-linux-gnu
configure:3952: checking host system type
configure:3965: result: x86_64-unknown-linux-gnu
configure:3985: checking for a sed that does not truncate output
configure:4049: result: /bin/sed
configure:4067: checking for grep that handles long lines and -e
configure:4125: result: /bin/grep
configure:4130: checking for egrep
configure:4192: result: /bin/grep -E
configure:4197: checking for fgrep
configure:4259: result: /bin/grep -F
configure:4294: checking for ld used by gcc
configure:4361: result: /usr/bin/ld
configure:4368: checking if the linker (/usr/bin/ld) is GNU ld
configure:4383: result: yes
configure:4395: checking for BSD- or MS-compatible name lister (nm)
configure:4444: result: /usr/bin/nm -B
configure:4562: checking the name lister (/usr/bin/nm -B) interface
configure:4569: gcc -c -g -O2  conftest.c >&5
configure:4572: /usr/bin/nm -B "conftest.o"
configure:4575: output
0000000000000000 B some_variable
configure:4582: result: BSD nm
configure:4585: checking whether ln -s works
configure:4589: result: yes
configure:4597: checking the maximum length of command line arguments
configure:4717: result: 1966080
configure:4734: checking whether the shell understands some XSI constructs
configure:4744: result: yes
configure:4748: checking whether the shell understands "+="
configure:4754: result: yes
configure:4789: checking for /usr/bin/ld option to reload object files
configure:4796: result: -r
configure:4865: checking for objdump
configure:4881: found /usr/bin/objdump
configure:4892: result: objdump
configure:4924: checking how to recognize dependent libraries
configure:5120: result: pass_all
configure:5180: checking for ar
configure:5196: found /usr/bin/ar
configure:5207: result: ar
configure:5285: checking for strip
configure:5301: found /usr/bin/strip
configure:5312: result: strip
configure:5384: checking for ranlib
configure:5400: found /usr/bin/ranlib
configure:5411: result: ranlib
configure:5501: checking command to parse /usr/bin/nm -B output from gcc object
configure:5619: gcc -c -g -O2  conftest.c >&5
configure:5622: $? = 0
configure:5626: /usr/bin/nm -B conftest.o \| sed -n -e 's/^.*[	 ]\([ABCDGIRSTW][ABCDGIRSTW]*\)[	 ][	 ]*\([_A-Za-z][_A-Za-z0-9]*\)$/\1 \2 \2/p' \> conftest.nm
configure:5629: $? = 0
configure:5683: gcc -o conftest -g -O2   conftest.c conftstm.o >&5
configure:5686: $? = 0
configure:5724: result: ok
configure:5820: gcc -c -g -O2  conftest.c >&5
configure:5823: $? = 0
configure:6533: checking how to run the C preprocessor
configure:6564: gcc -E  conftest.c
configure:6564: $? = 0
configure:6578: gcc -E  conftest.c
conftest.c:11:28: error: ac_nonexistent.h: No such file or directory
configure:6578: $? = 1
configure: failed program was:
| /* confdefs.h */
| #define PACKAGE_NAME "ipaccount"
| #define PACKAGE_TARNAME "ipaccount"
| #define PACKAGE_VERSION "1.0"
| #define PACKAGE_STRING "ipaccount 1.0"
| #define PACKAGE_BUGREPORT "yubo@yubo.org"
| #define PACKAGE_URL ""
| #define PACKAGE "ipaccount"
| #define VERSION "1.0"
| /* end confdefs.h.  */
| #include <ac_nonexistent.h>
configure:6603: result: gcc -E
configure:6623: gcc -E  conftest.c
configure:6623: $? = 0
configure:6637: gcc -E  conftest.c
conftest.c:11:28: error: ac_nonexistent.h: No such file or directory
configure:6637: $? = 1
configure: failed program was:
| /* confdefs.h */
| #define PACKAGE_NAME "ipaccount"
| #define PACKAGE_TARNAME "ipaccount"
| #define PACKAGE_VERSION "1.0"
| #define PACKAGE_STRING "ipaccount 1.0"
| #define PACKAGE_BUGREPORT "yubo@yubo.org"
| #define PACKAGE_URL ""
| #define PACKAGE "ipaccount"
| #define VERSION "1.0"
| /* end confdefs.h.  */
| #include <ac_nonexistent.h>
configure:6666: checking for ANSI C header files
configure:6686: gcc -c -g -O2  conftest.c >&5
configure:6686: $? = 0
configure:6759: gcc -o conftest -g -O2   conftest.c  >&5
configure:6759: $? = 0
configure:6759: ./conftest
configure:6759: $? = 0
configure:6770: result: yes
configure:6783: checking for sys/types.h
configure:6783: gcc -c -g -O2  conftest.c >&5
configure:6783: $? = 0
configure:6783: result: yes
configure:6783: checking for sys/stat.h
configure:6783: gcc -c -g -O2  conftest.c >&5
configure:6783: $? = 0
configure:6783: result: yes
configure:6783: checking for stdlib.h
configure:6783: gcc -c -g -O2  conftest.c >&5
configure:6783: $? = 0
configure:6783: result: yes
configure:6783: checking for string.h
configure:6783: gcc -c -g -O2  conftest.c >&5
configure:6783: $? = 0
configure:6783: result: yes
configure:6783: checking for memory.h
configure:6783: gcc -c -g -O2  conftest.c >&5
configure:6783: $? = 0
configure:6783: result: yes
configure:6783: checking for strings.h
configure:6783: gcc -c -g -O2  conftest.c >&5
configure:6783: $? = 0
configure:6783: result: yes
configure:6783: checking for inttypes.h
configure:6783: gcc -c -g -O2  conftest.c >&5
configure:6783: $? = 0
configure:6783: result: yes
configure:6783: checking for stdint.h
configure:6783: gcc -c -g -O2  conftest.c >&5
configure:6783: $? = 0
configure:6783: result: yes
configure:6783: checking for unistd.h
configure:6783: gcc -c -g -O2  conftest.c >&5
configure:6783: $? = 0
configure:6783: result: yes
configure:6797: checking for dlfcn.h
configure:6797: gcc -c -g -O2  conftest.c >&5
configure:6797: $? = 0
configure:6797: result: yes
configure:6951: checking for objdir
configure:6966: result: .libs
configure:7258: checking if gcc supports -fno-rtti -fno-exceptions
configure:7276: gcc -c -g -O2  -fno-rtti -fno-exceptions conftest.c >&5
cc1: warning: command line option "-fno-rtti" is valid for C++/ObjC++ but not for C
configure:7280: $? = 0
configure:7293: result: no
configure:7313: checking for gcc option to produce PIC
configure:7585: result: -fPIC -DPIC
configure:7597: checking if gcc PIC flag -fPIC -DPIC works
configure:7615: gcc -c -g -O2  -fPIC -DPIC -DPIC conftest.c >&5
configure:7619: $? = 0
configure:7632: result: yes
configure:7656: checking if gcc static flag -static works
configure:7684: result: no
configure:7699: checking if gcc supports -c -o file.o
configure:7720: gcc -c -g -O2  -o out/conftest2.o conftest.c >&5
configure:7724: $? = 0
configure:7746: result: yes
configure:7754: checking if gcc supports -c -o file.o
configure:7801: result: yes
configure:7834: checking whether the gcc linker (/usr/bin/ld -m elf_x86_64) supports shared libraries
configure:8820: result: yes
configure:8857: checking whether -lc should be explicitly linked in
configure:8862: gcc -c -g -O2  conftest.c >&5
configure:8865: $? = 0
configure:8880: gcc -shared conftest.o  -v -Wl,-soname -Wl,conftest -o conftest 2\>\&1 \| /bin/grep  -lc  \>/dev/null 2\>\&1
configure:8883: $? = 0
configure:8895: result: no
configure:9059: checking dynamic linker characteristics
configure:9492: gcc -o conftest -g -O2   -Wl,-rpath -Wl,/foo conftest.c  >&5
configure:9492: $? = 0
configure:9713: result: GNU/Linux ld.so
configure:9815: checking how to hardcode library paths into programs
configure:9840: result: immediate
configure:10360: checking whether stripping libraries is possible
configure:10365: result: yes
configure:10400: checking if libtool supports shared libraries
configure:10402: result: yes
configure:10405: checking whether to build shared libraries
configure:10426: result: yes
configure:10429: checking whether to build static libraries
configure:10433: result: no
configure:10491: checking kernel version that we will build against
configure:10660: creating ./config.status

## ---------------------- ##
## Running config.status. ##
## ---------------------- ##

This file was extended by ipaccount config.status 1.0, which was
generated by GNU Autoconf 2.69.  Invocation command line was

  CONFIG_FILES    = 
  CONFIG_HEADERS  = 
  CONFIG_LINKS    = 
  CONFIG_COMMANDS = 
  $ ./config.status 

on CentOS3.yubo

config.status:1063: creating Makefile
config.status:1063: creating src/Makefile
config.status:1063: creating config.h
config.status:1244: config.h is unchanged
config.status:1292: executing depfiles commands
config.status:1292: executing libtool commands

## ---------------- ##
## Cache variables. ##
## ---------------- ##

ac_cv_build=x86_64-unknown-linux-gnu
ac_cv_c_compiler_gnu=yes
ac_cv_env_CC_set=
ac_cv_env_CC_value=
ac_cv_env_CFLAGS_set=
ac_cv_env_CFLAGS_value=
ac_cv_env_CPPFLAGS_set=
ac_cv_env_CPPFLAGS_value=
ac_cv_env_CPP_set=
ac_cv_env_CPP_value=
ac_cv_env_LDFLAGS_set=
ac_cv_env_LDFLAGS_value=
ac_cv_env_LIBS_set=
ac_cv_env_LIBS_value=
ac_cv_env_build_alias_set=
ac_cv_env_build_alias_value=
ac_cv_env_host_alias_set=
ac_cv_env_host_alias_value=
ac_cv_env_target_alias_set=
ac_cv_env_target_alias_value=
ac_cv_header_dlfcn_h=yes
ac_cv_header_inttypes_h=yes
ac_cv_header_memory_h=yes
ac_cv_header_stdc=yes
ac_cv_header_stdint_h=yes
ac_cv_header_stdlib_h=yes
ac_cv_header_string_h=yes
ac_cv_header_strings_h=yes
ac_cv_header_sys_stat_h=yes
ac_cv_header_sys_types_h=yes
ac_cv_header_unistd_h=yes
ac_cv_host=x86_64-unknown-linux-gnu
ac_cv_objext=o
ac_cv_path_EGREP='/bin/grep -E'
ac_cv_path_FGREP='/bin/grep -F'
ac_cv_path_GREP=/bin/grep
ac_cv_path_SED=/bin/sed
ac_cv_path_install='/usr/bin/install -c'
ac_cv_path_mkdir=/bin/mkdir
ac_cv_prog_AWK=gawk
ac_cv_prog_CPP='gcc -E'
ac_cv_prog_ac_ct_AR=ar
ac_cv_prog_ac_ct_CC=gcc
ac_cv_prog_ac_ct_OBJDUMP=objdump
ac_cv_prog_ac_ct_RANLIB=ranlib
ac_cv_prog_ac_ct_STRIP=strip
ac_cv_prog_cc_c89=
ac_cv_prog_cc_g=yes
ac_cv_prog_cc_gcc_c_o=yes
ac_cv_prog_make_make_set=yes
am_cv_CC_dependencies_compiler_type=gcc3
lt_cv_deplibs_check_method=pass_all
lt_cv_file_magic_cmd='$MAGIC_CMD'
lt_cv_file_magic_test_file=
lt_cv_ld_reload_flag=-r
lt_cv_nm_interface='BSD nm'
lt_cv_objdir=.libs
lt_cv_path_LD=/usr/bin/ld
lt_cv_path_NM='/usr/bin/nm -B'
lt_cv_prog_compiler_c_o=yes
lt_cv_prog_compiler_pic_works=yes
lt_cv_prog_compiler_rtti_exceptions=no
lt_cv_prog_compiler_static_works=no
lt_cv_prog_gnu_ld=yes
lt_cv_sys_global_symbol_pipe='sed -n -e '\''s/^.*[	 ]\([ABCDGIRSTW][ABCDGIRSTW]*\)[	 ][	 ]*\([_A-Za-z][_A-Za-z0-9]*\)$/\1 \2 \2/p'\'''
lt_cv_sys_global_symbol_to_c_name_address='sed -n -e '\''s/^: \([^ ]*\) $/  {\"\1\", (void *) 0},/p'\'' -e '\''s/^[ABCDGIRSTW]* \([^ ]*\) \([^ ]*\)$/  {"\2", (void *) \&\2},/p'\'''
lt_cv_sys_global_symbol_to_c_name_address_lib_prefix='sed -n -e '\''s/^: \([^ ]*\) $/  {\"\1\", (void *) 0},/p'\'' -e '\''s/^[ABCDGIRSTW]* \([^ ]*\) \(lib[^ ]*\)$/  {"\2", (void *) \&\2},/p'\'' -e '\''s/^[ABCDGIRSTW]* \([^ ]*\) \([^ ]*\)$/  {"lib\2", (void *) \&\2},/p'\'''
lt_cv_sys_global_symbol_to_cdecl='sed -n -e '\''s/^T .* \(.*\)$/extern int \1();/p'\'' -e '\''s/^[ABCDGIRSTW]* .* \(.*\)$/extern char \1;/p'\'''
lt_cv_sys_max_cmd_len=1966080

## ----------------- ##
## Output variables. ##
## ----------------- ##

ACLOCAL='${SHELL} /root/ipaccount/missing --run aclocal-1.11'
AMDEPBACKSLASH='\'
AMDEP_FALSE='#'
AMDEP_TRUE=''
AMTAR='${SHELL} /root/ipaccount/missing --run tar'
AR='ar'
AUTOCONF='${SHELL} /root/ipaccount/missing --run autoconf'
AUTOHEADER='${SHELL} /root/ipaccount/missing --run autoheader'
AUTOMAKE='${SHELL} /root/ipaccount/missing --run automake-1.11'
AWK='gawk'
CC='gcc'
CCDEPMODE='depmode=gcc3'
CFLAGS='-g -O2'
CPP='gcc -E'
CPPFLAGS=''
CYGPATH_W='echo'
DEFS='-DHAVE_CONFIG_H'
DEPDIR='.deps'
DSYMUTIL=''
DUMPBIN=''
ECHO_C=''
ECHO_N='-n'
ECHO_T=''
EGREP='/bin/grep -E'
EXEEXT=''
FGREP='/bin/grep -F'
GREP='/bin/grep'
INSTALL_DATA='${INSTALL} -m 644'
INSTALL_PROGRAM='${INSTALL}'
INSTALL_SCRIPT='${INSTALL}'
INSTALL_STRIP_PROGRAM='$(install_sh) -c -s'
LD='/usr/bin/ld -m elf_x86_64'
LDFLAGS=''
LIBOBJS=''
LIBS=''
LIBTOOL='$(SHELL) $(top_builddir)/libtool'
LIPO=''
LN_S='ln -s'
LTLIBOBJS=''
MAKEINFO='${SHELL} /root/ipaccount/missing --run makeinfo'
MKDIR_P='/bin/mkdir -p'
NM='/usr/bin/nm -B'
NMEDIT=''
OBJDUMP='objdump'
OBJEXT='o'
OTOOL64=''
OTOOL=''
PACKAGE='ipaccount'
PACKAGE_BUGREPORT='yubo@yubo.org'
PACKAGE_NAME='ipaccount'
PACKAGE_STRING='ipaccount 1.0'
PACKAGE_TARNAME='ipaccount'
PACKAGE_URL=''
PACKAGE_VERSION='1.0'
PATH_SEPARATOR=':'
RANLIB='ranlib'
SED='/bin/sed'
SET_MAKE=''
SHELL='/bin/sh'
STRIP='strip'
VERSION='1.0'
ac_ct_CC='gcc'
ac_ct_DUMPBIN=''
am__EXEEXT_FALSE=''
am__EXEEXT_TRUE='#'
am__fastdepCC_FALSE='#'
am__fastdepCC_TRUE=''
am__include='include'
am__isrc=''
am__leading_dot='.'
am__quote=''
am__tar='${AMTAR} chof - "$$tardir"'
am__untar='${AMTAR} xf -'
bindir='${exec_prefix}/bin'
build='x86_64-unknown-linux-gnu'
build_alias=''
build_cpu='x86_64'
build_os='linux-gnu'
build_vendor='unknown'
datadir='${datarootdir}'
datarootdir='${prefix}/share'
docdir='${datarootdir}/doc/${PACKAGE_TARNAME}'
dvidir='${docdir}'
exec_prefix='${prefix}'
host='x86_64-unknown-linux-gnu'
host_alias=''
host_cpu='x86_64'
host_os='linux-gnu'
host_vendor='unknown'
htmldir='${docdir}'
includedir='${prefix}/include'
infodir='${datarootdir}/info'
install_sh='${SHELL} /root/ipaccount/install-sh'
kbuilddir='/lib/modules/2.6.32/build'
libdir='${exec_prefix}/lib'
libexecdir='${exec_prefix}/libexec'
localedir='${datarootdir}/locale'
localstatedir='${prefix}/var'
lt_ECHO='echo'
mandir='${datarootdir}/man'
mkdir_p='/bin/mkdir -p'
oldincludedir='/usr/include'
pdfdir='${docdir}'
prefix='/usr/local'
program_transform_name='s,x,x,'
psdir='${docdir}'
regular_CFLAGS='-Wall -Waggregate-return -Wmissing-declarations 	-Wmissing-prototypes -Wredundant-decls -Wshadow -Wstrict-prototypes 	-Winline -pipe'
regular_CPPFLAGS='-D_LARGEFILE_SOURCE=1 -D_LARGE_FILES -D_FILE_OFFSET_BITS=64 	-D_REENTRANT '
sbindir='${exec_prefix}/sbin'
sharedstatedir='${prefix}/com'
sysconfdir='${prefix}/etc'
target_alias=''

## ----------- ##
## confdefs.h. ##
## ----------- ##

/* confdefs.h */
#define PACKAGE_NAME "ipaccount"
#define PACKAGE_TARNAME "ipaccount"
#define PACKAGE_VERSION "1.0"
#define PACKAGE_STRING "ipaccount 1.0"
#define PACKAGE_BUGREPORT "yubo@yubo.org"
#define PACKAGE_URL ""
#define PACKAGE "ipaccount"
#define VERSION "1.0"
#define STDC_HEADERS 1
#define HAVE_SYS_TYPES_H 1
#define HAVE_SYS_STAT_H 1
#define HAVE_STDLIB_H 1
#define HAVE_STRING_H 1
#define HAVE_MEMORY_H 1
#define HAVE_STRINGS_H 1
#define HAVE_INTTYPES_H 1
#define HAVE_STDINT_H 1
#define HAVE_UNISTD_H 1
#define HAVE_DLFCN_H 1
#define LT_OBJDIR ".libs/"

configure: exit 0
